<?xml version="1.0" encoding="UTF-8"?>
<testsuite xmlns:xsi="http://www.w3.org/2001/XMLSchema-instance" xsi:noNamespaceSchemaLocation="https://maven.apache.org/surefire/maven-surefire-plugin/xsd/surefire-test-report-3.0.xsd" version="3.0" name="runner.TestRunner" time="145.818" tests="12" errors="0" skipped="0" failures="0">
  <properties>
[...]
</properties>
  <testcase name="CT001 - Login com credenciais validas" classname="Teste app SwagLabs" time="9.663">
    <system-out><![CDATA[🔵 Inicializando driver Appium! 🔵
✅ Driver Appium inicializado!

Scenario: CT001 - Login com credenciais validas    &amp#27;[90m# src/test/java/features/AppTest.feature:2&amp#27;[0m
  &amp#27;[32mGiven &amp#27;[0m&amp#27;[32mque estou com o app aberto&amp#27;[0m                 &amp#27;[90m# stepdefinitions.AppTest.app_aberto()&amp#27;[0m
  &amp#27;[32mWhen &amp#27;[0m&amp#27;[32minformo credenciais validas&amp#27;[0m                 &amp#27;[90m# stepdefinitions.AppTest.Informo_crecenciais_validas()&amp#27;[0m

    Embedding Print Tela Inicial [image/png 386892 bytes]

  &amp#27;[32mThen &amp#27;[0m&amp#27;[32mo aplicativo deve direcionar a tela inicial&amp#27;[0m &amp#27;[90m# stepdefinitions.AppTest.O_aplicativo_deve_direcionar_a_tela_inicial()&amp#27;[0m
]]></system-out>
  </testcase>
  <testcase name="CT002 - Login com usuario Bloqueado" classname="Teste app SwagLabs" time="12.839">
    <system-out><![CDATA[
Scenario: CT002 - Login com usuario Bloqueado    &amp#27;[90m# src/test/java/features/AppTest.feature:7&amp#27;[0m
  &amp#27;[32mGiven &amp#27;[0m&amp#27;[32mque estou na tela de login&amp#27;[0m               &amp#27;[90m# stepdefinitions.AppTest.que_estou_na_tela_de_login()&amp#27;[0m
  &amp#27;[32mWhen &amp#27;[0m&amp#27;[32minformo credenciais invalidas&amp#27;[0m             &amp#27;[90m# stepdefinitions.AppTest.informo_credenciais_invalidas()&amp#27;[0m

    Embedding Print User Bloqueado [image/png 69683 bytes]

  &amp#27;[32mThen &amp#27;[0m&amp#27;[32mo app mostra a mensagem usuario bloqueado&amp#27;[0m &amp#27;[90m# stepdefinitions.AppTest.o_app_mostra_a_mensagem_usuario_bloqueado()&amp#27;[0m
]]></system-out>
  </testcase>
  <testcase name="CT003 - Login com usuario nao cadastrado" classname="Teste app SwagLabs" time="8.373">
    <system-out><![CDATA[
Scenario: CT003 - Login com usuario nao cadastrado       &amp#27;[90m# src/test/java/features/AppTest.feature:12&amp#27;[0m
  &amp#27;[32mGiven &amp#27;[0m&amp#27;[32mque estou com o app aberto&amp#27;[0m                       &amp#27;[90m# stepdefinitions.AppTest.app_aberto()&amp#27;[0m
  &amp#27;[32mWhen &amp#27;[0m&amp#27;[32minformo credenciais aleatorias&amp#27;[0m                    &amp#27;[90m# stepdefinitions.AppTest.informo_credenciais_aleatorias()&amp#27;[0m

    Embedding Print Login Dados Invalidos [image/png 71221 bytes]

  &amp#27;[32mThen &amp#27;[0m&amp#27;[32mo app mostra a mensagem de usuario nao cadastrado&amp#27;[0m &amp#27;[90m# stepdefinitions.AppTest.mensagem_usuario_invalido()&amp#27;[0m
]]></system-out>
  </testcase>
  <testcase name="CT004 - Valido filtro por nome crescente" classname="Teste app SwagLabs" time="10.81">
    <system-out><![CDATA[
Scenario: CT004 - Valido filtro por nome crescente                &amp#27;[90m# src/test/java/features/AppTest.feature:17&amp#27;[0m
  &amp#27;[32mGiven &amp#27;[0m&amp#27;[32mque estou logado no app&amp#27;[0m                                   &amp#27;[90m# stepdefinitions.AppTest.que_estou_logado()&amp#27;[0m
  &amp#27;[32mWhen &amp#27;[0m&amp#27;[32mseleciono o filtro de ordenacao por nome, do A ao Z&amp#27;[0m        &amp#27;[90m# stepdefinitions.AppTest.filtro_nome_descrente()&amp#27;[0m

    Embedding Print nome ordem crescente [image/png 386854 bytes]

  &amp#27;[32mThen &amp#27;[0m&amp#27;[32mo filtro de ordenacao por nome crescente deve ser aplicado&amp#27;[0m &amp#27;[90m# stepdefinitions.AppTest.valida_filtro_ordem_crescente()&amp#27;[0m
]]></system-out>
  </testcase>
  <testcase name="CT005 - Valido filtro por nome decrescente" classname="Teste app SwagLabs" time="6.901">
    <system-out><![CDATA[
Scenario: CT005 - Valido filtro por nome decrescente       &amp#27;[90m# src/test/java/features/AppTest.feature:22&amp#27;[0m
  &amp#27;[32mGiven &amp#27;[0m&amp#27;[32mque estou na tela de produtos&amp#27;[0m                      &amp#27;[90m# stepdefinitions.AppTest.que_estou_em_produtos()&amp#27;[0m
  &amp#27;[32mWhen &amp#27;[0m&amp#27;[32mseleciono o filtro de ordenacao por nome, do Z ao A&amp#27;[0m &amp#27;[90m# stepdefinitions.AppTest.filtro_nome_decrescente()&amp#27;[0m

    Embedding Print nome ordem decrescente [image/png 290287 bytes]

  &amp#27;[32mThen &amp#27;[0m&amp#27;[32mo filtro por nome decrescente deve ser aplicado&amp#27;[0m     &amp#27;[90m# stepdefinitions.AppTest.valida_filtro_ordem_decrescente()&amp#27;[0m
]]></system-out>
  </testcase>
  <testcase name="CT006 - Valido filtro por preco crescente" classname="Teste app SwagLabs" time="6.773">
    <system-out><![CDATA[
Scenario: CT006 - Valido filtro por preco crescente   &amp#27;[90m# src/test/java/features/AppTest.feature:27&amp#27;[0m
  &amp#27;[32mGiven &amp#27;[0m&amp#27;[32mque estou na tela de produtos&amp#27;[0m                 &amp#27;[90m# stepdefinitions.AppTest.que_estou_em_produtos()&amp#27;[0m
  &amp#27;[32mWhen &amp#27;[0m&amp#27;[32mseleciono o filtro de preco crescente&amp#27;[0m          &amp#27;[90m# stepdefinitions.AppTest.filtro_preco_crescente()&amp#27;[0m

    Embedding Print preco ordem crescente [image/png 347376 bytes]

  &amp#27;[32mThen &amp#27;[0m&amp#27;[32mo filtro por preco crescente deve ser aplicado&amp#27;[0m &amp#27;[90m# stepdefinitions.AppTest.valida_filtro_preco_crescente()&amp#27;[0m
]]></system-out>
  </testcase>
  <testcase name="CT007 - Valido filtro por preco decrescente" classname="Teste app SwagLabs" time="6.565">
    <system-out><![CDATA[
Scenario: CT007 - Valido filtro por preco decrescente   &amp#27;[90m# src/test/java/features/AppTest.feature:32&amp#27;[0m
  &amp#27;[32mGiven &amp#27;[0m&amp#27;[32mque estou na tela de produtos&amp#27;[0m                   &amp#27;[90m# stepdefinitions.AppTest.que_estou_em_produtos()&amp#27;[0m
  &amp#27;[32mWhen &amp#27;[0m&amp#27;[32mseleciono o filtro de preco decrescente&amp#27;[0m          &amp#27;[90m# stepdefinitions.AppTest.filtro_preco_decrescente()&amp#27;[0m

    Embedding Print preco ordem decrescente [image/png 330996 bytes]

  &amp#27;[32mThen &amp#27;[0m&amp#27;[32mo filtro por preco decrescente deve ser aplicado&amp#27;[0m &amp#27;[90m# stepdefinitions.AppTest.valida_filtro_preco_decrescente()&amp#27;[0m
]]></system-out>
  </testcase>
  <testcase name="CT008 - Adicionando produtos ao carrinho" classname="Teste app SwagLabs" time="9.98">
    <system-out><![CDATA[
Scenario: CT008 - Adicionando produtos ao carrinho &amp#27;[90m# src/test/java/features/AppTest.feature:37&amp#27;[0m
  &amp#27;[32mGiven &amp#27;[0m&amp#27;[32mque estou na tela de produtos&amp#27;[0m              &amp#27;[90m# stepdefinitions.AppTest.que_estou_em_produtos()&amp#27;[0m
  &amp#27;[32mWhen &amp#27;[0m&amp#27;[32madiciono o produtos ao carrinho&amp#27;[0m             &amp#27;[90m# stepdefinitions.AppTest.add_produtos_carrinho()&amp#27;[0m

    Embedding Print Produtos no carrinho [image/png 52967 bytes]

  &amp#27;[32mThen &amp#27;[0m&amp#27;[32mos produtos devem estar no carrinho&amp#27;[0m         &amp#27;[90m# stepdefinitions.AppTest.valida_produtos_carrinho()&amp#27;[0m
]]></system-out>
  </testcase>
  <testcase name="CT009 - Adicionando produtos ao carrinho (Drag and Drop)" classname="Teste app SwagLabs" time="9.758">
    <system-out><![CDATA[
Scenario: CT009 - Adicionando produtos ao carrinho (Drag and Drop) &amp#27;[90m# src/test/java/features/AppTest.feature:42&amp#27;[0m
  &amp#27;[32mGiven &amp#27;[0m&amp#27;[32mque estou no carrinho&amp#27;[0m                                      &amp#27;[90m# stepdefinitions.AppTest.que_estou_no_carrinho()&amp#27;[0m

    Embedding Print produtos carrinho (DragAndDrop) [image/png 222364 bytes]

  &amp#27;[32mWhen &amp#27;[0m&amp#27;[32madiciono um produto ao carrinho com drag and drop&amp#27;[0m           &amp#27;[90m# stepdefinitions.AppTest.add_produtos_carrinho_draganddrop()&amp#27;[0m

    Embedding Print Produtos no carrinho [image/png 52897 bytes]

  &amp#27;[32mThen &amp#27;[0m&amp#27;[32mos produtos devem estar no carrinho&amp#27;[0m                         &amp#27;[90m# stepdefinitions.AppTest.valida_produtos_carrinho()&amp#27;[0m
]]></system-out>
  </testcase>
  <testcase name="CT010 - Finalizar uma compra e fazer o checkout" classname="Teste app SwagLabs" time="20.591">
    <system-out><![CDATA[
Scenario: CT010 - Finalizar uma compra e fazer o checkout &amp#27;[90m# src/test/java/features/AppTest.feature:47&amp#27;[0m
  &amp#27;[32mGiven &amp#27;[0m&amp#27;[32mque desejo realizar uma compra&amp#27;[0m                    &amp#27;[90m# stepdefinitions.AppTest.que_realizo_uma_compra()&amp#27;[0m
  &amp#27;[32mWhen &amp#27;[0m&amp#27;[32minformo os dados do comprador&amp#27;[0m                      &amp#27;[90m# stepdefinitions.AppTest.informo_dados_comprados()&amp#27;[0m
  &amp#27;[32mAnd &amp#27;[0m&amp#27;[32mconfirmo as informacoes e concluo o checkout&amp#27;[0m        &amp#27;[90m# stepdefinitions.AppTest.confirmo_checkout()&amp#27;[0m

    Embedding Print Confirmacao de Compra [image/png 87565 bytes]

  &amp#27;[32mThen &amp#27;[0m&amp#27;[32mvisualizo a confirmacao da compra&amp#27;[0m                  &amp#27;[90m# stepdefinitions.AppTest.confirmacao_compra()&amp#27;[0m
]]></system-out>
  </testcase>
  <testcase name="CT011 - Validar funcionalidade WebView" classname="Teste app SwagLabs" time="11.04">
    <system-out><![CDATA[
Scenario: CT011 - Validar funcionalidade WebView    &amp#27;[90m# src/test/java/features/AppTest.feature:53&amp#27;[0m
  &amp#27;[32mGiven &amp#27;[0m&amp#27;[32mque desejo validar a funcionalidade WebView&amp#27;[0m &amp#27;[90m# stepdefinitions.AppTest.valida_webView()&amp#27;[0m
  &amp#27;[32mWhen &amp#27;[0m&amp#27;[32mabro o WebView e informo um site valido&amp#27;[0m      &amp#27;[90m# stepdefinitions.AppTest.informo_site_webview()&amp#27;[0m

    Embedding Print WebView Site [image/png 116729 bytes]

  &amp#27;[32mThen &amp#27;[0m&amp#27;[32mvisualizo o site informado&amp#27;[0m                   &amp#27;[90m# stepdefinitions.AppTest.visualizo_site_digitado()&amp#27;[0m
]]></system-out>
  </testcase>
  <testcase name="CT012 - Validar funcionalidade de desenho" classname="Teste app SwagLabs" time="18.627">
    <system-out><![CDATA[
Scenario: CT012 - Validar funcionalidade de desenho &amp#27;[90m# src/test/java/features/AppTest.feature:58&amp#27;[0m
  &amp#27;[32mGiven &amp#27;[0m&amp#27;[32mque desejo validar a funcionalidade desenho&amp#27;[0m &amp#27;[90m# stepdefinitions.AppTest.valida_drawn()&amp#27;[0m

    Embedding Print Desenho [image/png 54970 bytes]

  &amp#27;[32mWhen &amp#27;[0m&amp#27;[32mrealizo o desenho em tela&amp#27;[0m                    &amp#27;[90m# stepdefinitions.AppTest.faz_o_desenho()&amp#27;[0m

    Embedding Print Confirmacao Desenho [image/png 30178 bytes]

  &amp#27;[32mThen &amp#27;[0m&amp#27;[32msalvo o desenho realizado na galeria&amp#27;[0m         &amp#27;[90m# stepdefinitions.AppTest.salvo_desenho()&amp#27;[0m
]]></system-out>
  </testcase>
</testsuite>